{"failedCount":1,"prefixedPath":"classpath:assessment\/test-case-one.feature","packageQualifiedName":"assessment.test-case-one","loopIndex":-1,"relativePath":"assessment\/test-case-one.feature","scenarioResults":[{"sectionIndex":0,"stepResults":[{"result":{"nanos":0,"errorMessage":">> classpath:assessment\/test-case-one.feature:3\n>> karate-config.js failed\n>> js failed:\n>>>>\n01: ()\n<<<<\norg.graalvm.polyglot.PolyglotException: SyntaxError: Unnamed:1:2 Expected => but found eof\r\n()\r\n  ^\n\n- org.graalvm.polyglot.Context.eval(Context.java:425)\n- com.intuit.karate.graal.JsEngine.evalForValue(JsEngine.java:139)\n- com.intuit.karate.graal.JsEngine.eval(JsEngine.java:135)\n- com.intuit.karate.core.ScenarioEngine.evalJs(ScenarioEngine.java:1190)\n- com.intuit.karate.core.ScenarioRuntime.evalConfigJs(ScenarioRuntime.java:296)\n- com.intuit.karate.core.ScenarioRuntime.beforeRun(ScenarioRuntime.java:372)\n- com.intuit.karate.core.ScenarioRuntime.run(ScenarioRuntime.java:391)\n\njs failed:\n>>>>\n<<<<\ncom.intuit.karate.KarateException: js failed:\n>>>>\n01: ()\n<<<<\norg.graalvm.polyglot.PolyglotException: SyntaxError: Unnamed:1:2 Expected => but found eof\r\n()\r\n  ^\n\n- org.graalvm.polyglot.Context.eval(Context.java:425)\n- com.intuit.karate.graal.JsEngine.evalForValue(JsEngine.java:139)\n- com.intuit.karate.graal.JsEngine.eval(JsEngine.java:135)\n- com.intuit.karate.core.ScenarioEngine.evalJs(ScenarioEngine.java:1190)\n- com.intuit.karate.core.ScenarioRuntime.evalConfigJs(ScenarioRuntime.java:296)\n- com.intuit.karate.core.ScenarioRuntime.beforeRun(ScenarioRuntime.java:372)\n- com.intuit.karate.core.ScenarioRuntime.run(ScenarioRuntime.java:391)\n\n- com.intuit.karate.graal.JsEngine.fromJsEvalException(JsEngine.java:224)\n- com.intuit.karate.core.ScenarioEngine.evalJs(ScenarioEngine.java:1192)\n- com.intuit.karate.core.ScenarioRuntime.evalConfigJs(ScenarioRuntime.java:296)\n- com.intuit.karate.core.ScenarioRuntime.beforeRun(ScenarioRuntime.java:372)\n- com.intuit.karate.core.ScenarioRuntime.run(ScenarioRuntime.java:391)\n- com.intuit.karate.junit5.FeatureNode.lambda$next$1(FeatureNode.java:71)\n- org.junit.jupiter.engine.descriptor.DynamicTestTestDescriptor.lambda$execute$0(DynamicTestTestDescriptor.java:52)\n\nclasspath:assessment\/test-case-one.feature:5","millis":0.0,"status":"failed"},"step":{"line":5,"prefix":"*","index":0,"text":"def key = dc90049b3amsh9aaf47e130b651cp1de048jsncec7ac6acd7d"},"stepLog":"08:40:16.858 classpath:assessment\/test-case-one.feature:5\n* def key = dc90049b3amsh9aaf47e130b651cp1de048jsncec7ac6acd7d\n>> classpath:assessment\/test-case-one.feature:3\n>> karate-config.js failed\n>> js failed:\n>>>>\n01: ()\n<<<<\norg.graalvm.polyglot.PolyglotException: SyntaxError: Unnamed:1:2 Expected => but found eof\r\n()\r\n  ^\n\n- org.graalvm.polyglot.Context.eval(Context.java:425)\n- com.intuit.karate.graal.JsEngine.evalForValue(JsEngine.java:139)\n- com.intuit.karate.graal.JsEngine.eval(JsEngine.java:135)\n- com.intuit.karate.core.ScenarioEngine.evalJs(ScenarioEngine.java:1190)\n- com.intuit.karate.core.ScenarioRuntime.evalConfigJs(ScenarioRuntime.java:296)\n- com.intuit.karate.core.ScenarioRuntime.beforeRun(ScenarioRuntime.java:372)\n- com.intuit.karate.core.ScenarioRuntime.run(ScenarioRuntime.java:391)\n\njs failed:\n>>>>\n<<<<\ncom.intuit.karate.KarateException: js failed:\n>>>>\n01: ()\n<<<<\norg.graalvm.polyglot.PolyglotException: SyntaxError: Unnamed:1:2 Expected => but found eof\r\n()\r\n  ^\n\n- org.graalvm.polyglot.Context.eval(Context.java:425)\n- com.intuit.karate.graal.JsEngine.evalForValue(JsEngine.java:139)\n- com.intuit.karate.graal.JsEngine.eval(JsEngine.java:135)\n- com.intuit.karate.core.ScenarioEngine.evalJs(ScenarioEngine.java:1190)\n- com.intuit.karate.core.ScenarioRuntime.evalConfigJs(ScenarioRuntime.java:296)\n- com.intuit.karate.core.ScenarioRuntime.beforeRun(ScenarioRuntime.java:372)\n- com.intuit.karate.core.ScenarioRuntime.run(ScenarioRuntime.java:391)\n\n- com.intuit.karate.graal.JsEngine.fromJsEvalException(JsEngine.java:224)\n- com.intuit.karate.core.ScenarioEngine.evalJs(ScenarioEngine.java:1192)\n- com.intuit.karate.core.ScenarioRuntime.evalConfigJs(ScenarioRuntime.java:296)\n- com.intuit.karate.core.ScenarioRuntime.beforeRun(ScenarioRuntime.java:372)\n- com.intuit.karate.core.ScenarioRuntime.run(ScenarioRuntime.java:391)\n- com.intuit.karate.junit5.FeatureNode.lambda$next$1(FeatureNode.java:71)\n- org.junit.jupiter.engine.descriptor.DynamicTestTestDescriptor.lambda$execute$0(DynamicTestTestDescriptor.java:52)\n\nclasspath:assessment\/test-case-one.feature:5\n"},{"result":{"nanos":0,"errorMessage":">> classpath:assessment\/test-case-one.feature:3\n>> karate-config.js failed\n>> js failed:\n>>>>\n01: ()\n<<<<\norg.graalvm.polyglot.PolyglotException: SyntaxError: Unnamed:1:2 Expected => but found eof\r\n()\r\n  ^\n\n- org.graalvm.polyglot.Context.eval(Context.java:425)\n- com.intuit.karate.graal.JsEngine.evalForValue(JsEngine.java:139)\n- com.intuit.karate.graal.JsEngine.eval(JsEngine.java:135)\n- com.intuit.karate.core.ScenarioEngine.evalJs(ScenarioEngine.java:1190)\n- com.intuit.karate.core.ScenarioRuntime.evalConfigJs(ScenarioRuntime.java:296)\n- com.intuit.karate.core.ScenarioRuntime.beforeRun(ScenarioRuntime.java:372)\n- com.intuit.karate.core.ScenarioRuntime.run(ScenarioRuntime.java:391)\n\njs failed:\n>>>>\n<<<<\ncom.intuit.karate.KarateException: js failed:\n>>>>\n01: ()\n<<<<\norg.graalvm.polyglot.PolyglotException: SyntaxError: Unnamed:1:2 Expected => but found eof\r\n()\r\n  ^\n\n- org.graalvm.polyglot.Context.eval(Context.java:425)\n- com.intuit.karate.graal.JsEngine.evalForValue(JsEngine.java:139)\n- com.intuit.karate.graal.JsEngine.eval(JsEngine.java:135)\n- com.intuit.karate.core.ScenarioEngine.evalJs(ScenarioEngine.java:1190)\n- com.intuit.karate.core.ScenarioRuntime.evalConfigJs(ScenarioRuntime.java:296)\n- com.intuit.karate.core.ScenarioRuntime.beforeRun(ScenarioRuntime.java:372)\n- com.intuit.karate.core.ScenarioRuntime.run(ScenarioRuntime.java:391)\n\n- com.intuit.karate.graal.JsEngine.fromJsEvalException(JsEngine.java:224)\n- com.intuit.karate.core.ScenarioEngine.evalJs(ScenarioEngine.java:1192)\n- com.intuit.karate.core.ScenarioRuntime.evalConfigJs(ScenarioRuntime.java:296)\n- com.intuit.karate.core.ScenarioRuntime.beforeRun(ScenarioRuntime.java:372)\n- com.intuit.karate.core.ScenarioRuntime.run(ScenarioRuntime.java:391)\n- com.intuit.karate.junit5.FeatureNode.lambda$next$1(FeatureNode.java:71)\n- org.junit.jupiter.engine.descriptor.DynamicTestTestDescriptor.lambda$execute$0(DynamicTestTestDescriptor.java:52)\n\nclasspath:assessment\/test-case-one.feature:5\nclasspath:assessment\/test-case-one.feature:6","millis":0.0,"status":"failed"},"step":{"line":6,"prefix":"*","index":1,"text":"def host =  covid-193.p.rapidapi.com"},"stepLog":"08:40:16.859 classpath:assessment\/test-case-one.feature:6\n* def host =  covid-193.p.rapidapi.com\n>> classpath:assessment\/test-case-one.feature:3\n>> karate-config.js failed\n>> js failed:\n>>>>\n01: ()\n<<<<\norg.graalvm.polyglot.PolyglotException: SyntaxError: Unnamed:1:2 Expected => but found eof\r\n()\r\n  ^\n\n- org.graalvm.polyglot.Context.eval(Context.java:425)\n- com.intuit.karate.graal.JsEngine.evalForValue(JsEngine.java:139)\n- com.intuit.karate.graal.JsEngine.eval(JsEngine.java:135)\n- com.intuit.karate.core.ScenarioEngine.evalJs(ScenarioEngine.java:1190)\n- com.intuit.karate.core.ScenarioRuntime.evalConfigJs(ScenarioRuntime.java:296)\n- com.intuit.karate.core.ScenarioRuntime.beforeRun(ScenarioRuntime.java:372)\n- com.intuit.karate.core.ScenarioRuntime.run(ScenarioRuntime.java:391)\n\njs failed:\n>>>>\n<<<<\ncom.intuit.karate.KarateException: js failed:\n>>>>\n01: ()\n<<<<\norg.graalvm.polyglot.PolyglotException: SyntaxError: Unnamed:1:2 Expected => but found eof\r\n()\r\n  ^\n\n- org.graalvm.polyglot.Context.eval(Context.java:425)\n- com.intuit.karate.graal.JsEngine.evalForValue(JsEngine.java:139)\n- com.intuit.karate.graal.JsEngine.eval(JsEngine.java:135)\n- com.intuit.karate.core.ScenarioEngine.evalJs(ScenarioEngine.java:1190)\n- com.intuit.karate.core.ScenarioRuntime.evalConfigJs(ScenarioRuntime.java:296)\n- com.intuit.karate.core.ScenarioRuntime.beforeRun(ScenarioRuntime.java:372)\n- com.intuit.karate.core.ScenarioRuntime.run(ScenarioRuntime.java:391)\n\n- com.intuit.karate.graal.JsEngine.fromJsEvalException(JsEngine.java:224)\n- com.intuit.karate.core.ScenarioEngine.evalJs(ScenarioEngine.java:1192)\n- com.intuit.karate.core.ScenarioRuntime.evalConfigJs(ScenarioRuntime.java:296)\n- com.intuit.karate.core.ScenarioRuntime.beforeRun(ScenarioRuntime.java:372)\n- com.intuit.karate.core.ScenarioRuntime.run(ScenarioRuntime.java:391)\n- com.intuit.karate.junit5.FeatureNode.lambda$next$1(FeatureNode.java:71)\n- org.junit.jupiter.engine.descriptor.DynamicTestTestDescriptor.lambda$execute$0(DynamicTestTestDescriptor.java:52)\n\nclasspath:assessment\/test-case-one.feature:5\nclasspath:assessment\/test-case-one.feature:6\n"},{"result":{"nanos":0,"errorMessage":">> classpath:assessment\/test-case-one.feature:3\n>> karate-config.js failed\n>> js failed:\n>>>>\n01: ()\n<<<<\norg.graalvm.polyglot.PolyglotException: SyntaxError: Unnamed:1:2 Expected => but found eof\r\n()\r\n  ^\n\n- org.graalvm.polyglot.Context.eval(Context.java:425)\n- com.intuit.karate.graal.JsEngine.evalForValue(JsEngine.java:139)\n- com.intuit.karate.graal.JsEngine.eval(JsEngine.java:135)\n- com.intuit.karate.core.ScenarioEngine.evalJs(ScenarioEngine.java:1190)\n- com.intuit.karate.core.ScenarioRuntime.evalConfigJs(ScenarioRuntime.java:296)\n- com.intuit.karate.core.ScenarioRuntime.beforeRun(ScenarioRuntime.java:372)\n- com.intuit.karate.core.ScenarioRuntime.run(ScenarioRuntime.java:391)\n\njs failed:\n>>>>\n<<<<\ncom.intuit.karate.KarateException: js failed:\n>>>>\n01: ()\n<<<<\norg.graalvm.polyglot.PolyglotException: SyntaxError: Unnamed:1:2 Expected => but found eof\r\n()\r\n  ^\n\n- org.graalvm.polyglot.Context.eval(Context.java:425)\n- com.intuit.karate.graal.JsEngine.evalForValue(JsEngine.java:139)\n- com.intuit.karate.graal.JsEngine.eval(JsEngine.java:135)\n- com.intuit.karate.core.ScenarioEngine.evalJs(ScenarioEngine.java:1190)\n- com.intuit.karate.core.ScenarioRuntime.evalConfigJs(ScenarioRuntime.java:296)\n- com.intuit.karate.core.ScenarioRuntime.beforeRun(ScenarioRuntime.java:372)\n- com.intuit.karate.core.ScenarioRuntime.run(ScenarioRuntime.java:391)\n\n- com.intuit.karate.graal.JsEngine.fromJsEvalException(JsEngine.java:224)\n- com.intuit.karate.core.ScenarioEngine.evalJs(ScenarioEngine.java:1192)\n- com.intuit.karate.core.ScenarioRuntime.evalConfigJs(ScenarioRuntime.java:296)\n- com.intuit.karate.core.ScenarioRuntime.beforeRun(ScenarioRuntime.java:372)\n- com.intuit.karate.core.ScenarioRuntime.run(ScenarioRuntime.java:391)\n- com.intuit.karate.junit5.FeatureNode.lambda$next$1(FeatureNode.java:71)\n- org.junit.jupiter.engine.descriptor.DynamicTestTestDescriptor.lambda$execute$0(DynamicTestTestDescriptor.java:52)\n\nclasspath:assessment\/test-case-one.feature:5\nclasspath:assessment\/test-case-one.feature:6\nclasspath:assessment\/test-case-one.feature:11","millis":0.0,"status":"failed"},"step":{"comments":["#404 Error must be shown"],"line":11,"prefix":"Given","index":2,"text":"url 'https:\/\/covid-193.p.rapidapi.com'"},"stepLog":"08:40:16.859 classpath:assessment\/test-case-one.feature:11\nGiven url 'https:\/\/covid-193.p.rapidapi.com'\n>> classpath:assessment\/test-case-one.feature:3\n>> karate-config.js failed\n>> js failed:\n>>>>\n01: ()\n<<<<\norg.graalvm.polyglot.PolyglotException: SyntaxError: Unnamed:1:2 Expected => but found eof\r\n()\r\n  ^\n\n- org.graalvm.polyglot.Context.eval(Context.java:425)\n- com.intuit.karate.graal.JsEngine.evalForValue(JsEngine.java:139)\n- com.intuit.karate.graal.JsEngine.eval(JsEngine.java:135)\n- com.intuit.karate.core.ScenarioEngine.evalJs(ScenarioEngine.java:1190)\n- com.intuit.karate.core.ScenarioRuntime.evalConfigJs(ScenarioRuntime.java:296)\n- com.intuit.karate.core.ScenarioRuntime.beforeRun(ScenarioRuntime.java:372)\n- com.intuit.karate.core.ScenarioRuntime.run(ScenarioRuntime.java:391)\n\njs failed:\n>>>>\n<<<<\ncom.intuit.karate.KarateException: js failed:\n>>>>\n01: ()\n<<<<\norg.graalvm.polyglot.PolyglotException: SyntaxError: Unnamed:1:2 Expected => but found eof\r\n()\r\n  ^\n\n- org.graalvm.polyglot.Context.eval(Context.java:425)\n- com.intuit.karate.graal.JsEngine.evalForValue(JsEngine.java:139)\n- com.intuit.karate.graal.JsEngine.eval(JsEngine.java:135)\n- com.intuit.karate.core.ScenarioEngine.evalJs(ScenarioEngine.java:1190)\n- com.intuit.karate.core.ScenarioRuntime.evalConfigJs(ScenarioRuntime.java:296)\n- com.intuit.karate.core.ScenarioRuntime.beforeRun(ScenarioRuntime.java:372)\n- com.intuit.karate.core.ScenarioRuntime.run(ScenarioRuntime.java:391)\n\n- com.intuit.karate.graal.JsEngine.fromJsEvalException(JsEngine.java:224)\n- com.intuit.karate.core.ScenarioEngine.evalJs(ScenarioEngine.java:1192)\n- com.intuit.karate.core.ScenarioRuntime.evalConfigJs(ScenarioRuntime.java:296)\n- com.intuit.karate.core.ScenarioRuntime.beforeRun(ScenarioRuntime.java:372)\n- com.intuit.karate.core.ScenarioRuntime.run(ScenarioRuntime.java:391)\n- com.intuit.karate.junit5.FeatureNode.lambda$next$1(FeatureNode.java:71)\n- org.junit.jupiter.engine.descriptor.DynamicTestTestDescriptor.lambda$execute$0(DynamicTestTestDescriptor.java:52)\n\nclasspath:assessment\/test-case-one.feature:5\nclasspath:assessment\/test-case-one.feature:6\nclasspath:assessment\/test-case-one.feature:11\n"},{"result":{"nanos":0,"errorMessage":">> classpath:assessment\/test-case-one.feature:3\n>> karate-config.js failed\n>> js failed:\n>>>>\n01: ()\n<<<<\norg.graalvm.polyglot.PolyglotException: SyntaxError: Unnamed:1:2 Expected => but found eof\r\n()\r\n  ^\n\n- org.graalvm.polyglot.Context.eval(Context.java:425)\n- com.intuit.karate.graal.JsEngine.evalForValue(JsEngine.java:139)\n- com.intuit.karate.graal.JsEngine.eval(JsEngine.java:135)\n- com.intuit.karate.core.ScenarioEngine.evalJs(ScenarioEngine.java:1190)\n- com.intuit.karate.core.ScenarioRuntime.evalConfigJs(ScenarioRuntime.java:296)\n- com.intuit.karate.core.ScenarioRuntime.beforeRun(ScenarioRuntime.java:372)\n- com.intuit.karate.core.ScenarioRuntime.run(ScenarioRuntime.java:391)\n\njs failed:\n>>>>\n<<<<\ncom.intuit.karate.KarateException: js failed:\n>>>>\n01: ()\n<<<<\norg.graalvm.polyglot.PolyglotException: SyntaxError: Unnamed:1:2 Expected => but found eof\r\n()\r\n  ^\n\n- org.graalvm.polyglot.Context.eval(Context.java:425)\n- com.intuit.karate.graal.JsEngine.evalForValue(JsEngine.java:139)\n- com.intuit.karate.graal.JsEngine.eval(JsEngine.java:135)\n- com.intuit.karate.core.ScenarioEngine.evalJs(ScenarioEngine.java:1190)\n- com.intuit.karate.core.ScenarioRuntime.evalConfigJs(ScenarioRuntime.java:296)\n- com.intuit.karate.core.ScenarioRuntime.beforeRun(ScenarioRuntime.java:372)\n- com.intuit.karate.core.ScenarioRuntime.run(ScenarioRuntime.java:391)\n\n- com.intuit.karate.graal.JsEngine.fromJsEvalException(JsEngine.java:224)\n- com.intuit.karate.core.ScenarioEngine.evalJs(ScenarioEngine.java:1192)\n- com.intuit.karate.core.ScenarioRuntime.evalConfigJs(ScenarioRuntime.java:296)\n- com.intuit.karate.core.ScenarioRuntime.beforeRun(ScenarioRuntime.java:372)\n- com.intuit.karate.core.ScenarioRuntime.run(ScenarioRuntime.java:391)\n- com.intuit.karate.junit5.FeatureNode.lambda$next$1(FeatureNode.java:71)\n- org.junit.jupiter.engine.descriptor.DynamicTestTestDescriptor.lambda$execute$0(DynamicTestTestDescriptor.java:52)\n\nclasspath:assessment\/test-case-one.feature:5\nclasspath:assessment\/test-case-one.feature:6\nclasspath:assessment\/test-case-one.feature:11\nclasspath:assessment\/test-case-one.feature:12","millis":0.0,"status":"failed"},"step":{"line":12,"prefix":"When","index":3,"text":"path 'statistics'"},"stepLog":"08:40:16.859 classpath:assessment\/test-case-one.feature:12\nWhen path 'statistics'\n>> classpath:assessment\/test-case-one.feature:3\n>> karate-config.js failed\n>> js failed:\n>>>>\n01: ()\n<<<<\norg.graalvm.polyglot.PolyglotException: SyntaxError: Unnamed:1:2 Expected => but found eof\r\n()\r\n  ^\n\n- org.graalvm.polyglot.Context.eval(Context.java:425)\n- com.intuit.karate.graal.JsEngine.evalForValue(JsEngine.java:139)\n- com.intuit.karate.graal.JsEngine.eval(JsEngine.java:135)\n- com.intuit.karate.core.ScenarioEngine.evalJs(ScenarioEngine.java:1190)\n- com.intuit.karate.core.ScenarioRuntime.evalConfigJs(ScenarioRuntime.java:296)\n- com.intuit.karate.core.ScenarioRuntime.beforeRun(ScenarioRuntime.java:372)\n- com.intuit.karate.core.ScenarioRuntime.run(ScenarioRuntime.java:391)\n\njs failed:\n>>>>\n<<<<\ncom.intuit.karate.KarateException: js failed:\n>>>>\n01: ()\n<<<<\norg.graalvm.polyglot.PolyglotException: SyntaxError: Unnamed:1:2 Expected => but found eof\r\n()\r\n  ^\n\n- org.graalvm.polyglot.Context.eval(Context.java:425)\n- com.intuit.karate.graal.JsEngine.evalForValue(JsEngine.java:139)\n- com.intuit.karate.graal.JsEngine.eval(JsEngine.java:135)\n- com.intuit.karate.core.ScenarioEngine.evalJs(ScenarioEngine.java:1190)\n- com.intuit.karate.core.ScenarioRuntime.evalConfigJs(ScenarioRuntime.java:296)\n- com.intuit.karate.core.ScenarioRuntime.beforeRun(ScenarioRuntime.java:372)\n- com.intuit.karate.core.ScenarioRuntime.run(ScenarioRuntime.java:391)\n\n- com.intuit.karate.graal.JsEngine.fromJsEvalException(JsEngine.java:224)\n- com.intuit.karate.core.ScenarioEngine.evalJs(ScenarioEngine.java:1192)\n- com.intuit.karate.core.ScenarioRuntime.evalConfigJs(ScenarioRuntime.java:296)\n- com.intuit.karate.core.ScenarioRuntime.beforeRun(ScenarioRuntime.java:372)\n- com.intuit.karate.core.ScenarioRuntime.run(ScenarioRuntime.java:391)\n- com.intuit.karate.junit5.FeatureNode.lambda$next$1(FeatureNode.java:71)\n- org.junit.jupiter.engine.descriptor.DynamicTestTestDescriptor.lambda$execute$0(DynamicTestTestDescriptor.java:52)\n\nclasspath:assessment\/test-case-one.feature:5\nclasspath:assessment\/test-case-one.feature:6\nclasspath:assessment\/test-case-one.feature:11\nclasspath:assessment\/test-case-one.feature:12\n"},{"result":{"nanos":0,"errorMessage":">> classpath:assessment\/test-case-one.feature:3\n>> karate-config.js failed\n>> js failed:\n>>>>\n01: ()\n<<<<\norg.graalvm.polyglot.PolyglotException: SyntaxError: Unnamed:1:2 Expected => but found eof\r\n()\r\n  ^\n\n- org.graalvm.polyglot.Context.eval(Context.java:425)\n- com.intuit.karate.graal.JsEngine.evalForValue(JsEngine.java:139)\n- com.intuit.karate.graal.JsEngine.eval(JsEngine.java:135)\n- com.intuit.karate.core.ScenarioEngine.evalJs(ScenarioEngine.java:1190)\n- com.intuit.karate.core.ScenarioRuntime.evalConfigJs(ScenarioRuntime.java:296)\n- com.intuit.karate.core.ScenarioRuntime.beforeRun(ScenarioRuntime.java:372)\n- com.intuit.karate.core.ScenarioRuntime.run(ScenarioRuntime.java:391)\n\njs failed:\n>>>>\n<<<<\ncom.intuit.karate.KarateException: js failed:\n>>>>\n01: ()\n<<<<\norg.graalvm.polyglot.PolyglotException: SyntaxError: Unnamed:1:2 Expected => but found eof\r\n()\r\n  ^\n\n- org.graalvm.polyglot.Context.eval(Context.java:425)\n- com.intuit.karate.graal.JsEngine.evalForValue(JsEngine.java:139)\n- com.intuit.karate.graal.JsEngine.eval(JsEngine.java:135)\n- com.intuit.karate.core.ScenarioEngine.evalJs(ScenarioEngine.java:1190)\n- com.intuit.karate.core.ScenarioRuntime.evalConfigJs(ScenarioRuntime.java:296)\n- com.intuit.karate.core.ScenarioRuntime.beforeRun(ScenarioRuntime.java:372)\n- com.intuit.karate.core.ScenarioRuntime.run(ScenarioRuntime.java:391)\n\n- com.intuit.karate.graal.JsEngine.fromJsEvalException(JsEngine.java:224)\n- com.intuit.karate.core.ScenarioEngine.evalJs(ScenarioEngine.java:1192)\n- com.intuit.karate.core.ScenarioRuntime.evalConfigJs(ScenarioRuntime.java:296)\n- com.intuit.karate.core.ScenarioRuntime.beforeRun(ScenarioRuntime.java:372)\n- com.intuit.karate.core.ScenarioRuntime.run(ScenarioRuntime.java:391)\n- com.intuit.karate.junit5.FeatureNode.lambda$next$1(FeatureNode.java:71)\n- org.junit.jupiter.engine.descriptor.DynamicTestTestDescriptor.lambda$execute$0(DynamicTestTestDescriptor.java:52)\n\nclasspath:assessment\/test-case-one.feature:5\nclasspath:assessment\/test-case-one.feature:6\nclasspath:assessment\/test-case-one.feature:11\nclasspath:assessment\/test-case-one.feature:12\nclasspath:assessment\/test-case-one.feature:13","millis":0.0,"status":"failed"},"step":{"line":13,"prefix":"And","index":4,"text":"header X-RapidAPI-Key = key"},"stepLog":"08:40:16.860 classpath:assessment\/test-case-one.feature:13\nAnd header X-RapidAPI-Key = key\n>> classpath:assessment\/test-case-one.feature:3\n>> karate-config.js failed\n>> js failed:\n>>>>\n01: ()\n<<<<\norg.graalvm.polyglot.PolyglotException: SyntaxError: Unnamed:1:2 Expected => but found eof\r\n()\r\n  ^\n\n- org.graalvm.polyglot.Context.eval(Context.java:425)\n- com.intuit.karate.graal.JsEngine.evalForValue(JsEngine.java:139)\n- com.intuit.karate.graal.JsEngine.eval(JsEngine.java:135)\n- com.intuit.karate.core.ScenarioEngine.evalJs(ScenarioEngine.java:1190)\n- com.intuit.karate.core.ScenarioRuntime.evalConfigJs(ScenarioRuntime.java:296)\n- com.intuit.karate.core.ScenarioRuntime.beforeRun(ScenarioRuntime.java:372)\n- com.intuit.karate.core.ScenarioRuntime.run(ScenarioRuntime.java:391)\n\njs failed:\n>>>>\n<<<<\ncom.intuit.karate.KarateException: js failed:\n>>>>\n01: ()\n<<<<\norg.graalvm.polyglot.PolyglotException: SyntaxError: Unnamed:1:2 Expected => but found eof\r\n()\r\n  ^\n\n- org.graalvm.polyglot.Context.eval(Context.java:425)\n- com.intuit.karate.graal.JsEngine.evalForValue(JsEngine.java:139)\n- com.intuit.karate.graal.JsEngine.eval(JsEngine.java:135)\n- com.intuit.karate.core.ScenarioEngine.evalJs(ScenarioEngine.java:1190)\n- com.intuit.karate.core.ScenarioRuntime.evalConfigJs(ScenarioRuntime.java:296)\n- com.intuit.karate.core.ScenarioRuntime.beforeRun(ScenarioRuntime.java:372)\n- com.intuit.karate.core.ScenarioRuntime.run(ScenarioRuntime.java:391)\n\n- com.intuit.karate.graal.JsEngine.fromJsEvalException(JsEngine.java:224)\n- com.intuit.karate.core.ScenarioEngine.evalJs(ScenarioEngine.java:1192)\n- com.intuit.karate.core.ScenarioRuntime.evalConfigJs(ScenarioRuntime.java:296)\n- com.intuit.karate.core.ScenarioRuntime.beforeRun(ScenarioRuntime.java:372)\n- com.intuit.karate.core.ScenarioRuntime.run(ScenarioRuntime.java:391)\n- com.intuit.karate.junit5.FeatureNode.lambda$next$1(FeatureNode.java:71)\n- org.junit.jupiter.engine.descriptor.DynamicTestTestDescriptor.lambda$execute$0(DynamicTestTestDescriptor.java:52)\n\nclasspath:assessment\/test-case-one.feature:5\nclasspath:assessment\/test-case-one.feature:6\nclasspath:assessment\/test-case-one.feature:11\nclasspath:assessment\/test-case-one.feature:12\nclasspath:assessment\/test-case-one.feature:13\n"},{"result":{"nanos":0,"errorMessage":">> classpath:assessment\/test-case-one.feature:3\n>> karate-config.js failed\n>> js failed:\n>>>>\n01: ()\n<<<<\norg.graalvm.polyglot.PolyglotException: SyntaxError: Unnamed:1:2 Expected => but found eof\r\n()\r\n  ^\n\n- org.graalvm.polyglot.Context.eval(Context.java:425)\n- com.intuit.karate.graal.JsEngine.evalForValue(JsEngine.java:139)\n- com.intuit.karate.graal.JsEngine.eval(JsEngine.java:135)\n- com.intuit.karate.core.ScenarioEngine.evalJs(ScenarioEngine.java:1190)\n- com.intuit.karate.core.ScenarioRuntime.evalConfigJs(ScenarioRuntime.java:296)\n- com.intuit.karate.core.ScenarioRuntime.beforeRun(ScenarioRuntime.java:372)\n- com.intuit.karate.core.ScenarioRuntime.run(ScenarioRuntime.java:391)\n\njs failed:\n>>>>\n<<<<\ncom.intuit.karate.KarateException: js failed:\n>>>>\n01: ()\n<<<<\norg.graalvm.polyglot.PolyglotException: SyntaxError: Unnamed:1:2 Expected => but found eof\r\n()\r\n  ^\n\n- org.graalvm.polyglot.Context.eval(Context.java:425)\n- com.intuit.karate.graal.JsEngine.evalForValue(JsEngine.java:139)\n- com.intuit.karate.graal.JsEngine.eval(JsEngine.java:135)\n- com.intuit.karate.core.ScenarioEngine.evalJs(ScenarioEngine.java:1190)\n- com.intuit.karate.core.ScenarioRuntime.evalConfigJs(ScenarioRuntime.java:296)\n- com.intuit.karate.core.ScenarioRuntime.beforeRun(ScenarioRuntime.java:372)\n- com.intuit.karate.core.ScenarioRuntime.run(ScenarioRuntime.java:391)\n\n- com.intuit.karate.graal.JsEngine.fromJsEvalException(JsEngine.java:224)\n- com.intuit.karate.core.ScenarioEngine.evalJs(ScenarioEngine.java:1192)\n- com.intuit.karate.core.ScenarioRuntime.evalConfigJs(ScenarioRuntime.java:296)\n- com.intuit.karate.core.ScenarioRuntime.beforeRun(ScenarioRuntime.java:372)\n- com.intuit.karate.core.ScenarioRuntime.run(ScenarioRuntime.java:391)\n- com.intuit.karate.junit5.FeatureNode.lambda$next$1(FeatureNode.java:71)\n- org.junit.jupiter.engine.descriptor.DynamicTestTestDescriptor.lambda$execute$0(DynamicTestTestDescriptor.java:52)\n\nclasspath:assessment\/test-case-one.feature:5\nclasspath:assessment\/test-case-one.feature:6\nclasspath:assessment\/test-case-one.feature:11\nclasspath:assessment\/test-case-one.feature:12\nclasspath:assessment\/test-case-one.feature:13\nclasspath:assessment\/test-case-one.feature:14","millis":0.0,"status":"failed"},"step":{"line":14,"prefix":"And","index":5,"text":"header X-RapidAPI-Host = host"},"stepLog":"08:40:16.861 classpath:assessment\/test-case-one.feature:14\nAnd header X-RapidAPI-Host = host\n>> classpath:assessment\/test-case-one.feature:3\n>> karate-config.js failed\n>> js failed:\n>>>>\n01: ()\n<<<<\norg.graalvm.polyglot.PolyglotException: SyntaxError: Unnamed:1:2 Expected => but found eof\r\n()\r\n  ^\n\n- org.graalvm.polyglot.Context.eval(Context.java:425)\n- com.intuit.karate.graal.JsEngine.evalForValue(JsEngine.java:139)\n- com.intuit.karate.graal.JsEngine.eval(JsEngine.java:135)\n- com.intuit.karate.core.ScenarioEngine.evalJs(ScenarioEngine.java:1190)\n- com.intuit.karate.core.ScenarioRuntime.evalConfigJs(ScenarioRuntime.java:296)\n- com.intuit.karate.core.ScenarioRuntime.beforeRun(ScenarioRuntime.java:372)\n- com.intuit.karate.core.ScenarioRuntime.run(ScenarioRuntime.java:391)\n\njs failed:\n>>>>\n<<<<\ncom.intuit.karate.KarateException: js failed:\n>>>>\n01: ()\n<<<<\norg.graalvm.polyglot.PolyglotException: SyntaxError: Unnamed:1:2 Expected => but found eof\r\n()\r\n  ^\n\n- org.graalvm.polyglot.Context.eval(Context.java:425)\n- com.intuit.karate.graal.JsEngine.evalForValue(JsEngine.java:139)\n- com.intuit.karate.graal.JsEngine.eval(JsEngine.java:135)\n- com.intuit.karate.core.ScenarioEngine.evalJs(ScenarioEngine.java:1190)\n- com.intuit.karate.core.ScenarioRuntime.evalConfigJs(ScenarioRuntime.java:296)\n- com.intuit.karate.core.ScenarioRuntime.beforeRun(ScenarioRuntime.java:372)\n- com.intuit.karate.core.ScenarioRuntime.run(ScenarioRuntime.java:391)\n\n- com.intuit.karate.graal.JsEngine.fromJsEvalException(JsEngine.java:224)\n- com.intuit.karate.core.ScenarioEngine.evalJs(ScenarioEngine.java:1192)\n- com.intuit.karate.core.ScenarioRuntime.evalConfigJs(ScenarioRuntime.java:296)\n- com.intuit.karate.core.ScenarioRuntime.beforeRun(ScenarioRuntime.java:372)\n- com.intuit.karate.core.ScenarioRuntime.run(ScenarioRuntime.java:391)\n- com.intuit.karate.junit5.FeatureNode.lambda$next$1(FeatureNode.java:71)\n- org.junit.jupiter.engine.descriptor.DynamicTestTestDescriptor.lambda$execute$0(DynamicTestTestDescriptor.java:52)\n\nclasspath:assessment\/test-case-one.feature:5\nclasspath:assessment\/test-case-one.feature:6\nclasspath:assessment\/test-case-one.feature:11\nclasspath:assessment\/test-case-one.feature:12\nclasspath:assessment\/test-case-one.feature:13\nclasspath:assessment\/test-case-one.feature:14\n"},{"result":{"nanos":0,"errorMessage":">> classpath:assessment\/test-case-one.feature:3\n>> karate-config.js failed\n>> js failed:\n>>>>\n01: ()\n<<<<\norg.graalvm.polyglot.PolyglotException: SyntaxError: Unnamed:1:2 Expected => but found eof\r\n()\r\n  ^\n\n- org.graalvm.polyglot.Context.eval(Context.java:425)\n- com.intuit.karate.graal.JsEngine.evalForValue(JsEngine.java:139)\n- com.intuit.karate.graal.JsEngine.eval(JsEngine.java:135)\n- com.intuit.karate.core.ScenarioEngine.evalJs(ScenarioEngine.java:1190)\n- com.intuit.karate.core.ScenarioRuntime.evalConfigJs(ScenarioRuntime.java:296)\n- com.intuit.karate.core.ScenarioRuntime.beforeRun(ScenarioRuntime.java:372)\n- com.intuit.karate.core.ScenarioRuntime.run(ScenarioRuntime.java:391)\n\njs failed:\n>>>>\n<<<<\ncom.intuit.karate.KarateException: js failed:\n>>>>\n01: ()\n<<<<\norg.graalvm.polyglot.PolyglotException: SyntaxError: Unnamed:1:2 Expected => but found eof\r\n()\r\n  ^\n\n- org.graalvm.polyglot.Context.eval(Context.java:425)\n- com.intuit.karate.graal.JsEngine.evalForValue(JsEngine.java:139)\n- com.intuit.karate.graal.JsEngine.eval(JsEngine.java:135)\n- com.intuit.karate.core.ScenarioEngine.evalJs(ScenarioEngine.java:1190)\n- com.intuit.karate.core.ScenarioRuntime.evalConfigJs(ScenarioRuntime.java:296)\n- com.intuit.karate.core.ScenarioRuntime.beforeRun(ScenarioRuntime.java:372)\n- com.intuit.karate.core.ScenarioRuntime.run(ScenarioRuntime.java:391)\n\n- com.intuit.karate.graal.JsEngine.fromJsEvalException(JsEngine.java:224)\n- com.intuit.karate.core.ScenarioEngine.evalJs(ScenarioEngine.java:1192)\n- com.intuit.karate.core.ScenarioRuntime.evalConfigJs(ScenarioRuntime.java:296)\n- com.intuit.karate.core.ScenarioRuntime.beforeRun(ScenarioRuntime.java:372)\n- com.intuit.karate.core.ScenarioRuntime.run(ScenarioRuntime.java:391)\n- com.intuit.karate.junit5.FeatureNode.lambda$next$1(FeatureNode.java:71)\n- org.junit.jupiter.engine.descriptor.DynamicTestTestDescriptor.lambda$execute$0(DynamicTestTestDescriptor.java:52)\n\nclasspath:assessment\/test-case-one.feature:5\nclasspath:assessment\/test-case-one.feature:6\nclasspath:assessment\/test-case-one.feature:11\nclasspath:assessment\/test-case-one.feature:12\nclasspath:assessment\/test-case-one.feature:13\nclasspath:assessment\/test-case-one.feature:14\nclasspath:assessment\/test-case-one.feature:15","millis":0.0,"status":"failed"},"step":{"line":15,"prefix":"When","index":6,"text":"method GET"},"stepLog":"08:40:16.862 classpath:assessment\/test-case-one.feature:15\nWhen method GET\n>> classpath:assessment\/test-case-one.feature:3\n>> karate-config.js failed\n>> js failed:\n>>>>\n01: ()\n<<<<\norg.graalvm.polyglot.PolyglotException: SyntaxError: Unnamed:1:2 Expected => but found eof\r\n()\r\n  ^\n\n- org.graalvm.polyglot.Context.eval(Context.java:425)\n- com.intuit.karate.graal.JsEngine.evalForValue(JsEngine.java:139)\n- com.intuit.karate.graal.JsEngine.eval(JsEngine.java:135)\n- com.intuit.karate.core.ScenarioEngine.evalJs(ScenarioEngine.java:1190)\n- com.intuit.karate.core.ScenarioRuntime.evalConfigJs(ScenarioRuntime.java:296)\n- com.intuit.karate.core.ScenarioRuntime.beforeRun(ScenarioRuntime.java:372)\n- com.intuit.karate.core.ScenarioRuntime.run(ScenarioRuntime.java:391)\n\njs failed:\n>>>>\n<<<<\ncom.intuit.karate.KarateException: js failed:\n>>>>\n01: ()\n<<<<\norg.graalvm.polyglot.PolyglotException: SyntaxError: Unnamed:1:2 Expected => but found eof\r\n()\r\n  ^\n\n- org.graalvm.polyglot.Context.eval(Context.java:425)\n- com.intuit.karate.graal.JsEngine.evalForValue(JsEngine.java:139)\n- com.intuit.karate.graal.JsEngine.eval(JsEngine.java:135)\n- com.intuit.karate.core.ScenarioEngine.evalJs(ScenarioEngine.java:1190)\n- com.intuit.karate.core.ScenarioRuntime.evalConfigJs(ScenarioRuntime.java:296)\n- com.intuit.karate.core.ScenarioRuntime.beforeRun(ScenarioRuntime.java:372)\n- com.intuit.karate.core.ScenarioRuntime.run(ScenarioRuntime.java:391)\n\n- com.intuit.karate.graal.JsEngine.fromJsEvalException(JsEngine.java:224)\n- com.intuit.karate.core.ScenarioEngine.evalJs(ScenarioEngine.java:1192)\n- com.intuit.karate.core.ScenarioRuntime.evalConfigJs(ScenarioRuntime.java:296)\n- com.intuit.karate.core.ScenarioRuntime.beforeRun(ScenarioRuntime.java:372)\n- com.intuit.karate.core.ScenarioRuntime.run(ScenarioRuntime.java:391)\n- com.intuit.karate.junit5.FeatureNode.lambda$next$1(FeatureNode.java:71)\n- org.junit.jupiter.engine.descriptor.DynamicTestTestDescriptor.lambda$execute$0(DynamicTestTestDescriptor.java:52)\n\nclasspath:assessment\/test-case-one.feature:5\nclasspath:assessment\/test-case-one.feature:6\nclasspath:assessment\/test-case-one.feature:11\nclasspath:assessment\/test-case-one.feature:12\nclasspath:assessment\/test-case-one.feature:13\nclasspath:assessment\/test-case-one.feature:14\nclasspath:assessment\/test-case-one.feature:15\n"},{"result":{"nanos":0,"errorMessage":">> classpath:assessment\/test-case-one.feature:3\n>> karate-config.js failed\n>> js failed:\n>>>>\n01: ()\n<<<<\norg.graalvm.polyglot.PolyglotException: SyntaxError: Unnamed:1:2 Expected => but found eof\r\n()\r\n  ^\n\n- org.graalvm.polyglot.Context.eval(Context.java:425)\n- com.intuit.karate.graal.JsEngine.evalForValue(JsEngine.java:139)\n- com.intuit.karate.graal.JsEngine.eval(JsEngine.java:135)\n- com.intuit.karate.core.ScenarioEngine.evalJs(ScenarioEngine.java:1190)\n- com.intuit.karate.core.ScenarioRuntime.evalConfigJs(ScenarioRuntime.java:296)\n- com.intuit.karate.core.ScenarioRuntime.beforeRun(ScenarioRuntime.java:372)\n- com.intuit.karate.core.ScenarioRuntime.run(ScenarioRuntime.java:391)\n\njs failed:\n>>>>\n<<<<\ncom.intuit.karate.KarateException: js failed:\n>>>>\n01: ()\n<<<<\norg.graalvm.polyglot.PolyglotException: SyntaxError: Unnamed:1:2 Expected => but found eof\r\n()\r\n  ^\n\n- org.graalvm.polyglot.Context.eval(Context.java:425)\n- com.intuit.karate.graal.JsEngine.evalForValue(JsEngine.java:139)\n- com.intuit.karate.graal.JsEngine.eval(JsEngine.java:135)\n- com.intuit.karate.core.ScenarioEngine.evalJs(ScenarioEngine.java:1190)\n- com.intuit.karate.core.ScenarioRuntime.evalConfigJs(ScenarioRuntime.java:296)\n- com.intuit.karate.core.ScenarioRuntime.beforeRun(ScenarioRuntime.java:372)\n- com.intuit.karate.core.ScenarioRuntime.run(ScenarioRuntime.java:391)\n\n- com.intuit.karate.graal.JsEngine.fromJsEvalException(JsEngine.java:224)\n- com.intuit.karate.core.ScenarioEngine.evalJs(ScenarioEngine.java:1192)\n- com.intuit.karate.core.ScenarioRuntime.evalConfigJs(ScenarioRuntime.java:296)\n- com.intuit.karate.core.ScenarioRuntime.beforeRun(ScenarioRuntime.java:372)\n- com.intuit.karate.core.ScenarioRuntime.run(ScenarioRuntime.java:391)\n- com.intuit.karate.junit5.FeatureNode.lambda$next$1(FeatureNode.java:71)\n- org.junit.jupiter.engine.descriptor.DynamicTestTestDescriptor.lambda$execute$0(DynamicTestTestDescriptor.java:52)\n\nclasspath:assessment\/test-case-one.feature:5\nclasspath:assessment\/test-case-one.feature:6\nclasspath:assessment\/test-case-one.feature:11\nclasspath:assessment\/test-case-one.feature:12\nclasspath:assessment\/test-case-one.feature:13\nclasspath:assessment\/test-case-one.feature:14\nclasspath:assessment\/test-case-one.feature:15\nclasspath:assessment\/test-case-one.feature:16","millis":0.0,"status":"failed"},"step":{"line":16,"prefix":"Then","index":7,"text":"status 200"},"stepLog":"08:40:16.862 classpath:assessment\/test-case-one.feature:16\nThen status 200\n>> classpath:assessment\/test-case-one.feature:3\n>> karate-config.js failed\n>> js failed:\n>>>>\n01: ()\n<<<<\norg.graalvm.polyglot.PolyglotException: SyntaxError: Unnamed:1:2 Expected => but found eof\r\n()\r\n  ^\n\n- org.graalvm.polyglot.Context.eval(Context.java:425)\n- com.intuit.karate.graal.JsEngine.evalForValue(JsEngine.java:139)\n- com.intuit.karate.graal.JsEngine.eval(JsEngine.java:135)\n- com.intuit.karate.core.ScenarioEngine.evalJs(ScenarioEngine.java:1190)\n- com.intuit.karate.core.ScenarioRuntime.evalConfigJs(ScenarioRuntime.java:296)\n- com.intuit.karate.core.ScenarioRuntime.beforeRun(ScenarioRuntime.java:372)\n- com.intuit.karate.core.ScenarioRuntime.run(ScenarioRuntime.java:391)\n\njs failed:\n>>>>\n<<<<\ncom.intuit.karate.KarateException: js failed:\n>>>>\n01: ()\n<<<<\norg.graalvm.polyglot.PolyglotException: SyntaxError: Unnamed:1:2 Expected => but found eof\r\n()\r\n  ^\n\n- org.graalvm.polyglot.Context.eval(Context.java:425)\n- com.intuit.karate.graal.JsEngine.evalForValue(JsEngine.java:139)\n- com.intuit.karate.graal.JsEngine.eval(JsEngine.java:135)\n- com.intuit.karate.core.ScenarioEngine.evalJs(ScenarioEngine.java:1190)\n- com.intuit.karate.core.ScenarioRuntime.evalConfigJs(ScenarioRuntime.java:296)\n- com.intuit.karate.core.ScenarioRuntime.beforeRun(ScenarioRuntime.java:372)\n- com.intuit.karate.core.ScenarioRuntime.run(ScenarioRuntime.java:391)\n\n- com.intuit.karate.graal.JsEngine.fromJsEvalException(JsEngine.java:224)\n- com.intuit.karate.core.ScenarioEngine.evalJs(ScenarioEngine.java:1192)\n- com.intuit.karate.core.ScenarioRuntime.evalConfigJs(ScenarioRuntime.java:296)\n- com.intuit.karate.core.ScenarioRuntime.beforeRun(ScenarioRuntime.java:372)\n- com.intuit.karate.core.ScenarioRuntime.run(ScenarioRuntime.java:391)\n- com.intuit.karate.junit5.FeatureNode.lambda$next$1(FeatureNode.java:71)\n- org.junit.jupiter.engine.descriptor.DynamicTestTestDescriptor.lambda$execute$0(DynamicTestTestDescriptor.java:52)\n\nclasspath:assessment\/test-case-one.feature:5\nclasspath:assessment\/test-case-one.feature:6\nclasspath:assessment\/test-case-one.feature:11\nclasspath:assessment\/test-case-one.feature:12\nclasspath:assessment\/test-case-one.feature:13\nclasspath:assessment\/test-case-one.feature:14\nclasspath:assessment\/test-case-one.feature:15\nclasspath:assessment\/test-case-one.feature:16\n"}],"line":3,"description":"","durationMillis":0.0,"failed":true,"error":">> classpath:assessment\/test-case-one.feature:3\n>> karate-config.js failed\n>> js failed:\n>>>>\n01: ()\n<<<<\norg.graalvm.polyglot.PolyglotException: SyntaxError: Unnamed:1:2 Expected => but found eof\r\n()\r\n  ^\n\n- org.graalvm.polyglot.Context.eval(Context.java:425)\n- com.intuit.karate.graal.JsEngine.evalForValue(JsEngine.java:139)\n- com.intuit.karate.graal.JsEngine.eval(JsEngine.java:135)\n- com.intuit.karate.core.ScenarioEngine.evalJs(ScenarioEngine.java:1190)\n- com.intuit.karate.core.ScenarioRuntime.evalConfigJs(ScenarioRuntime.java:296)\n- com.intuit.karate.core.ScenarioRuntime.beforeRun(ScenarioRuntime.java:372)\n- com.intuit.karate.core.ScenarioRuntime.run(ScenarioRuntime.java:391)\n\njs failed:\n>>>>\n<<<<\ncom.intuit.karate.KarateException: js failed:\n>>>>\n01: ()\n<<<<\norg.graalvm.polyglot.PolyglotException: SyntaxError: Unnamed:1:2 Expected => but found eof\r\n()\r\n  ^\n\n- org.graalvm.polyglot.Context.eval(Context.java:425)\n- com.intuit.karate.graal.JsEngine.evalForValue(JsEngine.java:139)\n- com.intuit.karate.graal.JsEngine.eval(JsEngine.java:135)\n- com.intuit.karate.core.ScenarioEngine.evalJs(ScenarioEngine.java:1190)\n- com.intuit.karate.core.ScenarioRuntime.evalConfigJs(ScenarioRuntime.java:296)\n- com.intuit.karate.core.ScenarioRuntime.beforeRun(ScenarioRuntime.java:372)\n- com.intuit.karate.core.ScenarioRuntime.run(ScenarioRuntime.java:391)\n\n- com.intuit.karate.graal.JsEngine.fromJsEvalException(JsEngine.java:224)\n- com.intuit.karate.core.ScenarioEngine.evalJs(ScenarioEngine.java:1192)\n- com.intuit.karate.core.ScenarioRuntime.evalConfigJs(ScenarioRuntime.java:296)\n- com.intuit.karate.core.ScenarioRuntime.beforeRun(ScenarioRuntime.java:372)\n- com.intuit.karate.core.ScenarioRuntime.run(ScenarioRuntime.java:391)\n- com.intuit.karate.junit5.FeatureNode.lambda$next$1(FeatureNode.java:71)\n- org.junit.jupiter.engine.descriptor.DynamicTestTestDescriptor.lambda$execute$0(DynamicTestTestDescriptor.java:52)\n\nclasspath:assessment\/test-case-one.feature:5\nclasspath:assessment\/test-case-one.feature:6\nclasspath:assessment\/test-case-one.feature:11\nclasspath:assessment\/test-case-one.feature:12\nclasspath:assessment\/test-case-one.feature:13\nclasspath:assessment\/test-case-one.feature:14\nclasspath:assessment\/test-case-one.feature:15\nclasspath:assessment\/test-case-one.feature:16","executorName":"main","name":"To verify the response if headers are sent empty.","startTime":1680849616799,"refId":"[1:3]","endTime":1680849616862,"exampleIndex":-1}],"callDepth":0,"name":"Get statistics for all countries about COVID-19","description":"","resultDate":"2023-04-07 08:40:16 am","durationMillis":0.0,"passedCount":0}